year	month	day	hour	minute	obs_temp	fc_temp
2025 01 17 13 57 36(35) °C 34(32) °
2025 01 17 14 39 96(95) °F 82(78) °F │ .-. +93(89) °F │ .-. +95(91) °F │ .-. +86(84) °F │
2025 01 17 15 38 100 °F 82(78) °F │ .-. +93(89) °F │ .-. +95(91) °F │ .-. +86(84) °F │
2025 01 17 16 42 38 °C 34(32) °
2025 01 17 17 39 34(32) °C 34(32) °
2025 01 17 18 42 93(89) °F 82(78) °F │ .-. +93(89) °F │ .-. +95(91) °F │ .-. +87(84) °F │
2025 01 17 19 37 93(89) °F 82(78) °F │ .-. +93(89) °F │ .-. +95(91) °F │ .-. +87(84) °F │
2025 01 17 20 38 34(32) °C 34(32) °
2025 01 17 21 37 80(77) °F 82(78) °F │ .-. +93(89) °F │ .-. +95(91) °F │ .-. +87(84) °F │
2025 01 17 22 39 80(77) °F 82(78) °F │ .-. +93(89) °F │ .-. +95(91) °F │ .-. +87(84) °F │
2025 01 17 23 39 80(77) °F 82(78) °F │ .-. +93(89) °F │ .-. +95(91) °F │ .-. +87(84) °F │
2025 01 18 01 52 73 °F 80(82) °F │ .-. +89(93) °F │ .-. +93(91) °F │ .-. +87(86) °F │
2025 01 18 02 53 73 °F 80(82) °F │ .-. +89(93) °F │ .-. +93(91) °F │ .-. +87(86) °F │
2025 01 18 03 38 23 °C 32(34) °
2025 01 18 04 39 23 °C 32(34) °
2025 01 18 05 37 69 °F 80(82) °F │ .-. +89(91) °F │ .-. +93(91) °F │ .-. +87(86) °F │
2025 01 18 06 41 69 °F 80(82) °F │ .-. +89(91) °F │ .-. +93(91) °F │ .-. +87(86) °F │
2025 01 18 07 37 21 °C 32(33) °
2025 01 18 08 39 21 °C 32(33) °
2025 01 18 09 37 21 °C 32(33) °
2025 01 18 10 39 87(84) °F 80(82) °F │ .-. +89(91) °F │ .-. +93(91) °F │ .-. +87(86) °F │
2025 01 18 11 37 87(84) °F 80(82) °F │ .-. +89(91) °F │ .-. +93(91) °F │ .-. +87(86) °F │
2025 01 18 12 53 31(29) °C 32(33) °
2025 01 18 13 37 87(84) °F 80(82) °F │ .-. +89(91) °F │ .-. +93(91) °F │ .-. +87(86) °F │
2025 01 18 14 37 35(34) °C 33 °
2025 01 18 15 37 96(95) °F 80(84) °F │ .-. 91 °F │ .-. +93(91) °F │ .-. +87(86) °F │
2025 01 18 16 40 96(95) °F 80(84) °F │ .-. 91 °F │ .-. +93(91) °F │ .-. +87(86) °F │
2025 01 18 17 37 36(35) °C 33 °
2025 01 18 18 40 87(84) °F 80(82) °F │ .-. +89(91) °F │ .-. +93(91) °F │ .-. +86(84) °F │
2025 01 18 19 37 87(84) °F 80(82) °F │ .-. +89(91) °F │ .-. +93(91) °F │ .-. +86(84) °F │
2025 01 18 20 38 31(29) °C 32(33) °
2025 01 18 21 37 31(29) °C 32(33) °
2025 01 18 22 37 26(24) °C 32(33) °
2025 01 18 23 37 78(75) °F 80(82) °F │ .-. +89(91) °F │ .-. +93(91) °F │ .-. +86(84) °F │
2025 01 19 02 06 78(75) °F 80(82) °F │ .-. +89(91) °F │ .-. +93(91) °F │ .-. +86(84) °F │
2025 01 19 03 01 73 °F 78(82) °F │ .-. +89(91) °F │ .-. +93(91) °F │ .-. 87 °F │
2025 01 19 03 40 23 °C 32(33) °
2025 01 19 04 40 73 °F 78(82) °F │ .-. +89(91) °F │ .-. +93(91) °F │ .-. 87 °F │
2025 01 19 05 38 73 °F 78(82) °F │ .-. +89(91) °F │ .-. +93(91) °F │ .-. 87 °F │
2025 01 19 06 42 26 °C 33 °
2025 01 19 07 37 78 °F 78(82) °F │ .-. 91 °F │ .-. +93(91) °F │ .-. +87(86) °F │
2025 01 19 08 39 78 °F 78(82) °F │ .-. 91 °F │ .-. +93(91) °F │ .-. +87(86) °F │
2025 01 19 09 38 26 °C 33 °
2025 01 19 10 39 86 °F 78(82) °F │ .-. 91 °F │ .-. +93(91) °F │ .-. +87(86) °F │
2025 01 19 11 37 86 °F 78(82) °F │ .-. 91 °F │ .-. +93(91) °F │ .-. +87(86) °F │
2025 01 19 12 53 30 °C 33 °
2025 01 19 13 37 30 °C 33 °
2025 01 19 14 37 86 °F 78(82) °F │ .-. 91 °F │ .-. +93(91) °F │ .-. +87(86) °F │
2025 01 19 15 37 35(33) °C 32(33) °
2025 01 19 16 40 95(91) °F 78(82) °F │ .-. +89(91) °F │ .-. +93(91) °F │ .-. +87(84) °F │
2025 01 19 17 37 95(91) °F 78(82) °F │ .-. +89(91) °F │ .-. +93(91) °F │ .-. +87(84) °F │
2025 01 19 18 41 95(91) °F 78(82) °F │ .-. +89(91) °F │ .-. +93(91) °F │ .-. +87(84) °F │
2025 01 19 19 37 29(27) °C 32(33) °
2025 01 19 20 37 84(80) °F 78(82) °F │ _ /"".-. +89(91) °F │ .-. +93(91) °F │ .-. +87(86) °F │
2025 01 19 21 37 84(80) °F 78(82) °F │ _ /"".-. +89(91) °F │ .-. +93(91) °F │ .-. +87(86) °F │
2025 01 19 22 38 84(80) °F 78(82) °F │ _ /"".-. +89(91) °F │ .-. +93(91) °F │ .-. +87(86) °F │
2025 01 19 23 38 25 °C 34(35) °
2025 01 20 01 59 77 °F 84 °F │ .-. +93(95) °F │ .-. 89 °F │ .-. 87 °F │
2025 01 20 02 59 77 °F 84 °F │ .-. +93(95) °F │ .-. 89 °F │ .-. 87 °F │
2025 01 20 03 41 22(24) °C 34 °
